<?xml version="1.0" encoding="UTF-8"?>
<!-- Generated by org.testng.reporters.JUnitXMLReporter -->
<testsuite ignored="0" hostname="DESKTOP-3O31E2S" failures="2" tests="2" name="Command line test" time="0.07" errors="0" timestamp="2022-02-21T05:25:20 CET">
  <testcase classname="tests.day16.C01_DriverIlkTest" name="test01" time="0.015">
    <failure type="java.lang.NullPointerException">
      <![CDATA[java.lang.NullPointerException
at utilities.ConfigReader.getProperty(ConfigReader.java:17)
at utilities.Driver.getDriver(Driver.java:22)
at tests.day16.C01_DriverIlkTest.test01(C01_DriverIlkTest.java:15)
at java.base/java.util.ArrayList.forEach(ArrayList.java:1541)
... Removed 37 stack frames]]>
    </failure>
  </testcase> <!-- test01 -->
  <testcase classname="tests.day16.C01_DriverIlkTest" name="test02" time="0.0">
    <failure type="java.lang.NullPointerException">
      <![CDATA[java.lang.NullPointerException
at utilities.ConfigReader.getProperty(ConfigReader.java:17)
at utilities.Driver.getDriver(Driver.java:22)
at tests.day16.C01_DriverIlkTest.test02(C01_DriverIlkTest.java:32)
at java.base/java.util.ArrayList.forEach(ArrayList.java:1541)
... Removed 37 stack frames]]>
    </failure>
  </testcase> <!-- test02 -->
</testsuite> <!-- Command line test -->
